[
  {
    "line": 1,
    "elements": [
      {
        "line": 6,
        "name": "Connect to LSR ui",
        "description": "",
        "id": "reporting-lost-or-stolen-passport;connect-to-lsr-ui",
        "type": "scenario",
        "keyword": "Scenario",
        "steps": [
          {
            "result": {
              "duration": 3200677154,
              "status": "passed"
            },
            "line": 7,
            "name": "an instance of \"firefox\" browser",
            "match": {
              "arguments": [
                {
                  "val": "firefox",
                  "offset": 16
                }
              ],
              "location": "LostorStolenStepDefinitions.anInstanceOfBrowser(String)"
            },
            "keyword": "Given "
          },
          {
            "result": {
              "duration": 2543117063,
              "status": "passed"
            },
            "line": 8,
            "name": "the url \"https://www-preprod-lsr.pex.ips.gov.uk/\" is opened",
            "match": {
              "arguments": [
                {
                  "val": "https://www-preprod-lsr.pex.ips.gov.uk/",
                  "offset": 9
                }
              ],
              "location": "LostorStolenStepDefinitions.theUrlIsOpened(String)"
            },
            "keyword": "When "
          },
          {
            "result": {
              "duration": 1143697391,
              "error_message": "org.openqa.selenium.NoSuchElementException: Unable to locate element: {\"method\":\"id\",\"selector\":\"startFor\"}\nFor documentation on this error, please visit: http://seleniumhq.org/exceptions/no_such_element.html\nBuild info: version: \u00272.44.0\u0027, revision: \u002776d78cf\u0027, time: \u00272014-10-23 20:02:37\u0027\nSystem info: host: \u0027hmpo-1fl21256\u0027, ip: \u0027127.0.1.1\u0027, os.name: \u0027Linux\u0027, os.arch: \u0027amd64\u0027, os.version: \u00273.13.0-44-generic\u0027, java.version: \u00271.8.0_01-internal-fastdebug\u0027\nDriver info: driver.version: unknown\nCommand duration or timeout: 1.11 seconds\nFor documentation on this error, please visit: http://seleniumhq.org/exceptions/no_such_element.html\nBuild info: version: \u00272.41.0\u0027, revision: \u00273192d8a6c4449dc285928ba024779344f5423c58\u0027, time: \u00272014-03-27 11:29:39\u0027\nSystem info: host: \u0027hmpo-1fl21256\u0027, ip: \u0027127.0.1.1\u0027, os.name: \u0027Linux\u0027, os.arch: \u0027amd64\u0027, os.version: \u00273.13.0-44-generic\u0027, java.version: \u00271.8.0_01-internal-fastdebug\u0027\nDriver info: org.openqa.selenium.remote.RemoteWebDriver\nCapabilities [{applicationCacheEnabled\u003dtrue, rotatable\u003dfalse, handlesAlerts\u003dtrue, databaseEnabled\u003dtrue, version\u003d35.0.1, platform\u003dLINUX, nativeEvents\u003dfalse, acceptSslCerts\u003dtrue, webdriver.remote.sessionid\u003d192eef69-2df7-4760-ad77-e8b715121bde, webStorageEnabled\u003dtrue, locationContextEnabled\u003dtrue, browserName\u003dfirefox, takesScreenshot\u003dtrue, javascriptEnabled\u003dtrue, cssSelectorsEnabled\u003dtrue}]\nSession ID: 192eef69-2df7-4760-ad77-e8b715121bde\n\tat sun.reflect.NativeConstructorAccessorImpl.newInstance0(Native Method)\n\tat sun.reflect.NativeConstructorAccessorImpl.newInstance(NativeConstructorAccessorImpl.java:62)\n\tat sun.reflect.DelegatingConstructorAccessorImpl.newInstance(DelegatingConstructorAccessorImpl.java:45)\n\tat java.lang.reflect.Constructor.newInstance(Constructor.java:408)\n\tat org.openqa.selenium.remote.ErrorHandler.createThrowable(ErrorHandler.java:193)\n\tat org.openqa.selenium.remote.ErrorHandler.throwIfResponseFailed(ErrorHandler.java:145)\n\tat org.openqa.selenium.remote.RemoteWebDriver.execute(RemoteWebDriver.java:595)\n\tat org.openqa.selenium.remote.RemoteWebDriver.findElement(RemoteWebDriver.java:348)\n\tat org.openqa.selenium.remote.RemoteWebDriver.findElementById(RemoteWebDriver.java:389)\n\tat org.openqa.selenium.By$ById.findElement(By.java:214)\n\tat org.openqa.selenium.remote.RemoteWebDriver.findElement(RemoteWebDriver.java:340)\n\tat LSR.Passport.LostorStolenStepDefinitions.theLostOrStolenUserInterfaceIsPresented(LostorStolenStepDefinitions.java:45)\n\tat âœ½.Then the lost or stolen user interface is presented(src/test/java/resources/LostPassport.feature:9)\nCaused by: org.openqa.selenium.remote.ScreenshotException: Screen shot has been taken\nBuild info: version: \u00272.41.0\u0027, revision: \u00273192d8a6c4449dc285928ba024779344f5423c58\u0027, time: \u00272014-03-27 11:29:39\u0027\nSystem info: host: \u0027hmpo-1fl21256\u0027, ip: \u0027127.0.1.1\u0027, os.name: \u0027Linux\u0027, os.arch: \u0027amd64\u0027, os.version: \u00273.13.0-44-generic\u0027, java.version: \u00271.8.0_01-internal-fastdebug\u0027\nDriver info: driver.version: RemoteWebDriver\n\tat org.openqa.selenium.remote.ErrorHandler.throwIfResponseFailed(ErrorHandler.java:125)\n\tat org.openqa.selenium.remote.RemoteWebDriver.execute(RemoteWebDriver.java:595)\n\tat org.openqa.selenium.remote.RemoteWebDriver.findElement(RemoteWebDriver.java:348)\n\tat org.openqa.selenium.remote.RemoteWebDriver.findElementById(RemoteWebDriver.java:389)\n\tat org.openqa.selenium.By$ById.findElement(By.java:214)\n\tat org.openqa.selenium.remote.RemoteWebDriver.findElement(RemoteWebDriver.java:340)\n\tat LSR.Passport.LostorStolenStepDefinitions.theLostOrStolenUserInterfaceIsPresented(LostorStolenStepDefinitions.java:45)\n\tat sun.reflect.NativeMethodAccessorImpl.invoke0(Native Method)\n\tat sun.reflect.NativeMethodAccessorImpl.invoke(NativeMethodAccessorImpl.java:62)\n\tat sun.reflect.DelegatingMethodAccessorImpl.invoke(DelegatingMethodAccessorImpl.java:43)\n\tat java.lang.reflect.Method.invoke(Method.java:483)\n\tat cucumber.runtime.Utils$1.call(Utils.java:34)\n\tat cucumber.runtime.Timeout.timeout(Timeout.java:13)\n\tat cucumber.runtime.Utils.invoke(Utils.java:30)\n\tat cucumber.runtime.java.JavaStepDefinition.execute(JavaStepDefinition.java:35)\n\tat cucumber.runtime.StepDefinitionMatch.runStep(StepDefinitionMatch.java:37)\n\tat cucumber.runtime.Runtime.runStep(Runtime.java:297)\n\tat cucumber.runtime.model.StepContainer.runStep(StepContainer.java:44)\n\tat cucumber.runtime.model.StepContainer.runSteps(StepContainer.java:39)\n\tat cucumber.runtime.model.CucumberScenario.run(CucumberScenario.java:48)\n\tat cucumber.runtime.junit.ExecutionUnitRunner.run(ExecutionUnitRunner.java:83)\n\tat cucumber.runtime.junit.FeatureRunner.runChild(FeatureRunner.java:63)\n\tat cucumber.runtime.junit.FeatureRunner.runChild(FeatureRunner.java:18)\n\tat org.junit.runners.ParentRunner$3.run(ParentRunner.java:290)\n\tat org.junit.runners.ParentRunner$1.schedule(ParentRunner.java:71)\n\tat org.junit.runners.ParentRunner.runChildren(ParentRunner.java:288)\n\tat org.junit.runners.ParentRunner.access$000(ParentRunner.java:58)\n\tat org.junit.runners.ParentRunner$2.evaluate(ParentRunner.java:268)\n\tat org.junit.runners.ParentRunner.run(ParentRunner.java:363)\n\tat cucumber.runtime.junit.FeatureRunner.run(FeatureRunner.java:70)\n\tat cucumber.api.junit.Cucumber.runChild(Cucumber.java:89)\n\tat cucumber.api.junit.Cucumber.runChild(Cucumber.java:40)\n\tat org.junit.runners.ParentRunner$3.run(ParentRunner.java:290)\n\tat org.junit.runners.ParentRunner$1.schedule(ParentRunner.java:71)\n\tat org.junit.runners.ParentRunner.runChildren(ParentRunner.java:288)\n\tat org.junit.runners.ParentRunner.access$000(ParentRunner.java:58)\n\tat org.junit.runners.ParentRunner$2.evaluate(ParentRunner.java:268)\n\tat org.junit.runners.ParentRunner.run(ParentRunner.java:363)\n\tat cucumber.api.junit.Cucumber.run(Cucumber.java:94)\n\tat org.eclipse.jdt.internal.junit4.runner.JUnit4TestReference.run(JUnit4TestReference.java:50)\n\tat org.eclipse.jdt.internal.junit.runner.TestExecution.run(TestExecution.java:38)\n\tat org.eclipse.jdt.internal.junit.runner.RemoteTestRunner.runTests(RemoteTestRunner.java:459)\n\tat org.eclipse.jdt.internal.junit.runner.RemoteTestRunner.runTests(RemoteTestRunner.java:675)\n\tat org.eclipse.jdt.internal.junit.runner.RemoteTestRunner.run(RemoteTestRunner.java:382)\n\tat org.eclipse.jdt.internal.junit.runner.RemoteTestRunner.main(RemoteTestRunner.java:192)\nCaused by: org.openqa.selenium.NoSuchElementException: Unable to locate element: {\"method\":\"id\",\"selector\":\"startFor\"}\nFor documentation on this error, please visit: http://seleniumhq.org/exceptions/no_such_element.html\nBuild info: version: \u00272.44.0\u0027, revision: \u002776d78cf\u0027, time: \u00272014-10-23 20:02:37\u0027\nSystem info: host: \u0027hmpo-1fl21256\u0027, ip: \u0027127.0.1.1\u0027, os.name: \u0027Linux\u0027, os.arch: \u0027amd64\u0027, os.version: \u00273.13.0-44-generic\u0027, java.version: \u00271.8.0_01-internal-fastdebug\u0027\nDriver info: driver.version: unknown\nFor documentation on this error, please visit: http://seleniumhq.org/exceptions/no_such_element.html\nBuild info: version: \u00272.41.0\u0027, revision: \u00273192d8a6c4449dc285928ba024779344f5423c58\u0027, time: \u00272014-03-27 11:29:39\u0027\nSystem info: host: \u0027hmpo-1fl21256\u0027, ip: \u0027127.0.1.1\u0027, os.name: \u0027Linux\u0027, os.arch: \u0027amd64\u0027, os.version: \u00273.13.0-44-generic\u0027, java.version: \u00271.8.0_01-internal-fastdebug\u0027\nDriver info: driver.version: unknown\n\tat \u003canonymous class\u003e.FirefoxDriver.prototype.findElementInternal_(file:///tmp/anonymous5729515752012911400webdriver-profile/extensions/fxdriver@googlecode.com/components/driver-component.js:9641:26)\n\tat \u003canonymous class\u003e.FirefoxDriver.prototype.findElement(file:///tmp/anonymous5729515752012911400webdriver-profile/extensions/fxdriver@googlecode.com/components/driver-component.js:9650:3)\n\tat \u003canonymous class\u003e.DelayedCommand.prototype.executeInternal_/h(file:///tmp/anonymous5729515752012911400webdriver-profile/extensions/fxdriver@googlecode.com/components/command-processor.js:11635:16)\n\tat \u003canonymous class\u003e.DelayedCommand.prototype.executeInternal_(file:///tmp/anonymous5729515752012911400webdriver-profile/extensions/fxdriver@googlecode.com/components/command-processor.js:11640:7)\n\tat \u003canonymous class\u003e.DelayedCommand.prototype.execute/\u003c(file:///tmp/anonymous5729515752012911400webdriver-profile/extensions/fxdriver@googlecode.com/components/command-processor.js:11582:5)\n",
              "status": "failed"
            },
            "line": 9,
            "name": "the lost or stolen user interface is presented",
            "match": {
              "location": "LostorStolenStepDefinitions.theLostOrStolenUserInterfaceIsPresented()"
            },
            "keyword": "Then "
          }
        ]
      }
    ],
    "name": "Reporting lost or stolen passport",
    "description": "  As an Automation Test Team\n  In order to test the lost or stolen user interface \n  I want to a web driver project driven by BDD story",
    "id": "reporting-lost-or-stolen-passport",
    "keyword": "Feature",
    "uri": "src/test/java/resources/LostPassport.feature"
  }
]